{"meta": {"format": 3, "version": "7.16.1", "timestamp": "2026-09-23T17:50:52.393182", "branch_coverage": true, "show_contexts": false}, "files": {"Public_Proyects/svm/base.py": {"executed_lines": [2, 5, 6, 7, 9, 25, 28, 29, 31, 34, 36, 38, 39, 40, 42, 45, 48, 50, 51, 53, 54, 57, 58, 60, 62, 63], "summary": {"covered_lines": 26, "num_statements": 31, "percent_covered": 79.59183673469387, "percent_covered_display": "80", "missing_lines": 5, "excluded_lines": 0, "percent_statements_covered": 83.87096774193549, "percent_statements_covered_display": "84", "num_branches": 18, "num_partial_branches": 5, "covered_branches": 13, "missing_branches": 5, "percent_branches_covered": 72.22222222222223, "percent_branches_covered_display": "72"}, "missing_lines": [26, 32, 43, 46, 55], "excluded_lines": [], "executed_branches": [[25, 28], [28, 29], [28, 31], [31, 34], [38, 39], [38, 48], [39, 40], [39, 42], [42, 45], [45, 48], [54, 57], [57, 58], [57, 60]], "missing_branches": [[25, 26], [31, 32], [42, 43], [45, 46], [54, 55]], "functions": {"BaseEstimator._setup_input": {"executed_lines": [25, 28, 29, 31, 34, 36, 38, 39, 40, 42, 45, 48], "summary": {"covered_lines": 12, "num_statements": 16, "percent_covered": 73.33333333333333, "percent_covered_display": "73", "missing_lines": 4, "excluded_lines": 0, "percent_statements_covered": 75.0, "percent_statements_covered_display": "75", "num_branches": 14, "num_partial_branches": 4, "covered_branches": 10, "missing_branches": 4, "percent_branches_covered": 71.42857142857143, "percent_branches_covered_display": "71"}, "missing_lines": [26, 32, 43, 46], "excluded_lines": [], "start_line": 9, "executed_branches": [[25, 28], [28, 29], [28, 31], [31, 34], [38, 39], [38, 48], [39, 40], [39, 42], [42, 45], [45, 48]], "missing_branches": [[25, 26], [31, 32], [42, 43], [45, 46]]}, "BaseEstimator.fit": {"executed_lines": [51], "summary": {"covered_lines": 1, "num_statements": 1, "percent_covered": 100.0, "percent_covered_display": "100", "missing_lines": 0, "excluded_lines": 0, "percent_statements_covered": 100.0, "percent_statements_covered_display": "100", "num_branches": 0, "num_partial_branches": 0, "covered_branches": 0, "missing_branches": 0, "percent_branches_covered": 100.0, "percent_branches_covered_display": "100"}, "missing_lines": [], "excluded_lines": [], "start_line": 50, "executed_branches": [], "missing_branches": []}, "BaseEstimator.predict": {"executed_lines": [54, 57, 58, 60], "summary": {"covered_lines": 4, "num_statements": 5, "percent_covered": 77.77777777777777, "percent_covered_display": "78", "missing_lines": 1, "excluded_lines": 0, "percent_statements_covered": 80.0, "percent_statements_covered_display": "80", "num_branches": 4, "num_partial_branches": 1, "covered_branches": 3, "missing_branches": 1, "percent_branches_covered": 75.0, "percent_branches_covered_display": "75"}, "missing_lines": [55], "excluded_lines": [], "start_line": 53, "executed_branches": [[54, 57], [57, 58], [57, 60]], "missing_branches": [[54, 55]]}, "BaseEstimator._predict": {"executed_lines": [63], "summary": {"covered_lines": 1, "num_statements": 1, "percent_covered": 100.0, "percent_covered_display": "100", "missing_lines": 0, "excluded_lines": 0, "percent_statements_covered": 100.0, "percent_statements_covered_display": "100", "num_branches": 0, "num_partial_branches": 0, "covered_branches": 0, "missing_branches": 0, "percent_branches_covered": 100.0, "percent_branches_covered_display": "100"}, "missing_lines": [], "excluded_lines": [], "start_line": 62, "executed_branches": [], "missing_branches": []}, "": {"executed_lines": [2, 5, 6, 7, 9, 50, 53, 62], "summary": {"covered_lines": 8, "num_statements": 8, "percent_covered": 100.0, "percent_covered_display": "100", "missing_lines": 0, "excluded_lines": 0, "percent_statements_covered": 100.0, "percent_statements_covered_display": "100", "num_branches": 0, "num_partial_branches": 0, "covered_branches": 0, "missing_branches": 0, "percent_branches_covered": 100.0, "percent_branches_covered_display": "100"}, "missing_lines": [], "excluded_lines": [], "start_line": 1, "executed_branches": [], "missing_branches": []}}, "classes": {"BaseEstimator": {"executed_lines": [25, 28, 29, 31, 34, 36, 38, 39, 40, 42, 45, 48, 51, 54, 57, 58, 60, 63], "summary": {"covered_lines": 18, "num_statements": 23, "percent_covered": 75.60975609756098, "percent_covered_display": "76", "missing_lines": 5, "excluded_lines": 0, "percent_statements_covered": 78.26086956521739, "percent_statements_covered_display": "78", "num_branches": 18, "num_partial_branches": 5, "covered_branches": 13, "missing_branches": 5, "percent_branches_covered": 72.22222222222223, "percent_branches_covered_display": "72"}, "missing_lines": [26, 32, 43, 46, 55], "excluded_lines": [], "start_line": 5, "executed_branches": [[25, 28], [28, 29], [28, 31], [31, 34], [38, 39], [38, 48], [39, 40], [39, 42], [42, 45], [45, 48], [54, 57], [57, 58], [57, 60]], "missing_branches": [[25, 26], [31, 32], [42, 43], [45, 46], [54, 55]]}, "": {"executed_lines": [2, 5, 6, 7, 9, 50, 53, 62], "summary": {"covered_lines": 8, "num_statements": 8, "percent_covered": 100.0, "percent_covered_display": "100", "missing_lines": 0, "excluded_lines": 0, "percent_statements_covered": 100.0, "percent_statements_covered_display": "100", "num_branches": 0, "num_partial_branches": 0, "covered_branches": 0, "missing_branches": 0, "percent_branches_covered": 100.0, "percent_branches_covered_display": "100"}, "missing_lines": [], "excluded_lines": [], "start_line": 1, "executed_branches": [], "missing_branches": []}}}}, "totals": {"covered_lines": 26, "num_statements": 31, "percent_covered": 79.59183673469387, "percent_covered_display": "80", "missing_lines": 5, "excluded_lines": 0, "percent_statements_covered": 83.87096774193549, "percent_statements_covered_display": "84", "num_branches": 18, "num_partial_branches": 5, "covered_branches": 13, "missing_branches": 5, "percent_branches_covered": 72.22222222222223, "percent_branches_covered_display": "72"}}