{
    "meta": {
        "format": 3,
        "version": "7.16.1",
        "timestamp": "2026-09-21T22:54:13.766806",
        "branch_coverage": true,
        "show_contexts": false
    },
    "files": {
        "Public_Proyects/fuzzywuzzy/utils.py": {
            "executed_lines": [
                1,
                2,
                3,
                5,
                8,
                11,
                18,
                19,
                20,
                21,
                24,
                25,
                26,
                27,
                28,
                29,
                30,
                33,
                34,
                35,
                36,
                37,
                38,
                39,
                42,
                43,
                44,
                45,
                46,
                47,
                48,
                51,
                52,
                53,
                54,
                57,
                58,
                59,
                64,
                65,
                66,
                67,
                70,
                73,
                75,
                76,
                78,
                82,
                85,
                92,
                93,
                95,
                97,
                99,
                100,
                103,
                105
            ],
            "summary": {
                "covered_lines": 57,
                "num_statements": 60,
                "percent_covered": 91.25,
                "percent_covered_display": "91",
                "missing_lines": 3,
                "excluded_lines": 0,
                "percent_statements_covered": 95.0,
                "percent_statements_covered_display": "95",
                "num_branches": 20,
                "num_partial_branches": 4,
                "covered_branches": 16,
                "missing_branches": 4,
                "percent_branches_covered": 80.0,
                "percent_branches_covered_display": "80"
            },
            "missing_lines": [
                61,
                68,
                79
            ],
            "excluded_lines": [],
            "executed_branches": [
                [
                    27,
                    28
                ],
                [
                    27,
                    29
                ],
                [
                    36,
                    37
                ],
                [
                    36,
                    38
                ],
                [
                    45,
                    46
                ],
                [
                    45,
                    47
                ],
                [
                    52,
                    53
                ],
                [
                    58,
                    59
                ],
                [
                    65,
                    66
                ],
                [
                    65,
                    67
                ],
                [
                    67,
                    70
                ],
                [
                    75,
                    76
                ],
                [
                    75,
                    78
                ],
                [
                    78,
                    82
                ],
                [
                    92,
                    93
                ],
                [
                    92,
                    95
                ]
            ],
            "missing_branches": [
                [
                    52,
                    57
                ],
                [
                    58,
                    61
                ],
                [
                    67,
                    68
                ],
                [
                    78,
                    79
                ]
            ],
            "functions": {
                "validate_string": {
                    "executed_lines": [
                        18,
                        19,
                        20,
                        21
                    ],
                    "summary": {
                        "covered_lines": 4,
                        "num_statements": 4,
                        "percent_covered": 100.0,
                        "percent_covered_display": "100",
                        "missing_lines": 0,
                        "excluded_lines": 0,
                        "percent_statements_covered": 100.0,
                        "percent_statements_covered_display": "100",
                        "num_branches": 0,
                        "num_partial_branches": 0,
                        "covered_branches": 0,
                        "missing_branches": 0,
                        "percent_branches_covered": 100.0,
                        "percent_branches_covered_display": "100"
                    },
                    "missing_lines": [],
                    "excluded_lines": [],
                    "start_line": 11,
                    "executed_branches": [],
                    "missing_branches": []
                },
                "check_for_equivalence": {
                    "executed_lines": [
                        26,
                        30
                    ],
                    "summary": {
                        "covered_lines": 2,
                        "num_statements": 2,
                        "percent_covered": 100.0,
                        "percent_covered_display": "100",
                        "missing_lines": 0,
                        "excluded_lines": 0,
                        "percent_statements_covered": 100.0,
                        "percent_statements_covered_display": "100",
                        "num_branches": 0,
                        "num_partial_branches": 0,
                        "covered_branches": 0,
                        "missing_branches": 0,
                        "percent_branches_covered": 100.0,
                        "percent_branches_covered_display": "100"
                    },
                    "missing_lines": [],
                    "excluded_lines": [],
                    "start_line": 24,
                    "executed_branches": [],
                    "missing_branches": []
                },
                "check_for_equivalence.decorator": {
                    "executed_lines": [
                        27,
                        28,
                        29
                    ],
                    "summary": {
                        "covered_lines": 3,
                        "num_statements": 3,
                        "percent_covered": 100.0,
                        "percent_covered_display": "100",
                        "missing_lines": 0,
                        "excluded_lines": 0,
                        "percent_statements_covered": 100.0,
                        "percent_statements_covered_display": "100",
                        "num_branches": 2,
                        "num_partial_branches": 0,
                        "covered_branches": 2,
                        "missing_branches": 0,
                        "percent_branches_covered": 100.0,
                        "percent_branches_covered_display": "100"
                    },
                    "missing_lines": [],
                    "excluded_lines": [],
                    "start_line": 26,
                    "executed_branches": [
                        [
                            27,
                            28
                        ],
                        [
                            27,
                            29
                        ]
                    ],
                    "missing_branches": []
                },
                "check_for_none": {
                    "executed_lines": [
                        35,
                        39
                    ],
                    "summary": {
                        "covered_lines": 2,
                        "num_statements": 2,
                        "percent_covered": 100.0,
                        "percent_covered_display": "100",
                        "missing_lines": 0,
                        "excluded_lines": 0,
                        "percent_statements_covered": 100.0,
                        "percent_statements_covered_display": "100",
                        "num_branches": 0,
                        "num_partial_branches": 0,
                        "covered_branches": 0,
                        "missing_branches": 0,
                        "percent_branches_covered": 100.0,
                        "percent_branches_covered_display": "100"
                    },
                    "missing_lines": [],
                    "excluded_lines": [],
                    "start_line": 33,
                    "executed_branches": [],
                    "missing_branches": []
                },
                "check_for_none.decorator": {
                    "executed_lines": [
                        36,
                        37,
                        38
                    ],
                    "summary": {
                        "covered_lines": 3,
                        "num_statements": 3,
                        "percent_covered": 100.0,
                        "percent_covered_display": "100",
                        "missing_lines": 0,
                        "excluded_lines": 0,
                        "percent_statements_covered": 100.0,
                        "percent_statements_covered_display": "100",
                        "num_branches": 2,
                        "num_partial_branches": 0,
                        "covered_branches": 2,
                        "missing_branches": 0,
                        "percent_branches_covered": 100.0,
                        "percent_branches_covered_display": "100"
                    },
                    "missing_lines": [],
                    "excluded_lines": [],
                    "start_line": 35,
                    "executed_branches": [
                        [
                            36,
                            37
                        ],
                        [
                            36,
                            38
                        ]
                    ],
                    "missing_branches": []
                },
                "check_empty_string": {
                    "executed_lines": [
                        44,
                        48
                    ],
                    "summary": {
                        "covered_lines": 2,
                        "num_statements": 2,
                        "percent_covered": 100.0,
                        "percent_covered_display": "100",
                        "missing_lines": 0,
                        "excluded_lines": 0,
                        "percent_statements_covered": 100.0,
                        "percent_statements_covered_display": "100",
                        "num_branches": 0,
                        "num_partial_branches": 0,
                        "covered_branches": 0,
                        "missing_branches": 0,
                        "percent_branches_covered": 100.0,
                        "percent_branches_covered_display": "100"
                    },
                    "missing_lines": [],
                    "excluded_lines": [],
                    "start_line": 42,
                    "executed_branches": [],
                    "missing_branches": []
                },
                "check_empty_string.decorator": {
                    "executed_lines": [
                        45,
                        46,
                        47
                    ],
                    "summary": {
                        "covered_lines": 3,
                        "num_statements": 3,
                        "percent_covered": 100.0,
                        "percent_covered_display": "100",
                        "missing_lines": 0,
                        "excluded_lines": 0,
                        "percent_statements_covered": 100.0,
                        "percent_statements_covered_display": "100",
                        "num_branches": 2,
                        "num_partial_branches": 0,
                        "covered_branches": 2,
                        "missing_branches": 0,
                        "percent_branches_covered": 100.0,
                        "percent_branches_covered_display": "100"
                    },
                    "missing_lines": [],
                    "excluded_lines": [],
                    "start_line": 44,
                    "executed_branches": [
                        [
                            45,
                            46
                        ],
                        [
                            45,
                            47
                        ]
                    ],
                    "missing_branches": []
                },
                "asciionly": {
                    "executed_lines": [
                        58,
                        59
                    ],
                    "summary": {
                        "covered_lines": 2,
                        "num_statements": 3,
                        "percent_covered": 60.0,
                        "percent_covered_display": "60",
                        "missing_lines": 1,
                        "excluded_lines": 0,
                        "percent_statements_covered": 66.66666666666667,
                        "percent_statements_covered_display": "67",
                        "num_branches": 2,
                        "num_partial_branches": 1,
                        "covered_branches": 1,
                        "missing_branches": 1,
                        "percent_branches_covered": 50.0,
                        "percent_branches_covered_display": "50"
                    },
                    "missing_lines": [
                        61
                    ],
                    "excluded_lines": [],
                    "start_line": 57,
                    "executed_branches": [
                        [
                            58,
                            59
                        ]
                    ],
                    "missing_branches": [
                        [
                            58,
                            61
                        ]
                    ]
                },
                "asciidammit": {
                    "executed_lines": [
                        65,
                        66,
                        67,
                        70
                    ],
                    "summary": {
                        "covered_lines": 4,
                        "num_statements": 5,
                        "percent_covered": 77.77777777777777,
                        "percent_covered_display": "78",
                        "missing_lines": 1,
                        "excluded_lines": 0,
                        "percent_statements_covered": 80.0,
                        "percent_statements_covered_display": "80",
                        "num_branches": 4,
                        "num_partial_branches": 1,
                        "covered_branches": 3,
                        "missing_branches": 1,
                        "percent_branches_covered": 75.0,
                        "percent_branches_covered_display": "75"
                    },
                    "missing_lines": [
                        68
                    ],
                    "excluded_lines": [],
                    "start_line": 64,
                    "executed_branches": [
                        [
                            65,
                            66
                        ],
                        [
                            65,
                            67
                        ],
                        [
                            67,
                            70
                        ]
                    ],
                    "missing_branches": [
                        [
                            67,
                            68
                        ]
                    ]
                },
                "make_type_consistent": {
                    "executed_lines": [
                        75,
                        76,
                        78,
                        82
                    ],
                    "summary": {
                        "covered_lines": 4,
                        "num_statements": 5,
                        "percent_covered": 77.77777777777777,
                        "percent_covered_display": "78",
                        "missing_lines": 1,
                        "excluded_lines": 0,
                        "percent_statements_covered": 80.0,
                        "percent_statements_covered_display": "80",
                        "num_branches": 4,
                        "num_partial_branches": 1,
                        "covered_branches": 3,
                        "missing_branches": 1,
                        "percent_branches_covered": 75.0,
                        "percent_branches_covered_display": "75"
                    },
                    "missing_lines": [
                        79
                    ],
                    "excluded_lines": [],
                    "start_line": 73,
                    "executed_branches": [
                        [
                            75,
                            76
                        ],
                        [
                            75,
                            78
                        ],
                        [
                            78,
                            82
                        ]
                    ],
                    "missing_branches": [
                        [
                            78,
                            79
                        ]
                    ]
                },
                "full_process": {
                    "executed_lines": [
                        92,
                        93,
                        95,
                        97,
                        99,
                        100
                    ],
                    "summary": {
                        "covered_lines": 6,
                        "num_statements": 6,
                        "percent_covered": 100.0,
                        "percent_covered_display": "100",
                        "missing_lines": 0,
                        "excluded_lines": 0,
                        "percent_statements_covered": 100.0,
                        "percent_statements_covered_display": "100",
                        "num_branches": 2,
                        "num_partial_branches": 0,
                        "covered_branches": 2,
                        "missing_branches": 0,
                        "percent_branches_covered": 100.0,
                        "percent_branches_covered_display": "100"
                    },
                    "missing_lines": [],
                    "excluded_lines": [],
                    "start_line": 85,
                    "executed_branches": [
                        [
                            92,
                            93
                        ],
                        [
                            92,
                            95
                        ]
                    ],
                    "missing_branches": []
                },
                "intr": {
                    "executed_lines": [
                        105
                    ],
                    "summary": {
                        "covered_lines": 1,
                        "num_statements": 1,
                        "percent_covered": 100.0,
                        "percent_covered_display": "100",
                        "missing_lines": 0,
                        "excluded_lines": 0,
                        "percent_statements_covered": 100.0,
                        "percent_statements_covered_display": "100",
                        "num_branches": 0,
                        "num_partial_branches": 0,
                        "covered_branches": 0,
                        "missing_branches": 0,
                        "percent_branches_covered": 100.0,
                        "percent_branches_covered_display": "100"
                    },
                    "missing_lines": [],
                    "excluded_lines": [],
                    "start_line": 103,
                    "executed_branches": [],
                    "missing_branches": []
                },
                "": {
                    "executed_lines": [
                        1,
                        2,
                        3,
                        5,
                        8,
                        11,
                        24,
                        25,
                        33,
                        34,
                        42,
                        43,
                        51,
                        52,
                        53,
                        54,
                        57,
                        64,
                        73,
                        85,
                        103
                    ],
                    "summary": {
                        "covered_lines": 21,
                        "num_statements": 21,
                        "percent_covered": 95.65217391304348,
                        "percent_covered_display": "96",
                        "missing_lines": 0,
                        "excluded_lines": 0,
                        "percent_statements_covered": 100.0,
                        "percent_statements_covered_display": "100",
                        "num_branches": 2,
                        "num_partial_branches": 1,
                        "covered_branches": 1,
                        "missing_branches": 1,
                        "percent_branches_covered": 50.0,
                        "percent_branches_covered_display": "50"
                    },
                    "missing_lines": [],
                    "excluded_lines": [],
                    "start_line": 1,
                    "executed_branches": [
                        [
                            52,
                            53
                        ]
                    ],
                    "missing_branches": [
                        [
                            52,
                            57
                        ]
                    ]
                }
            },
            "classes": {
                "": {
                    "executed_lines": [
                        1,
                        2,
                        3,
                        5,
                        8,
                        11,
                        18,
                        19,
                        20,
                        21,
                        24,
                        25,
                        26,
                        27,
                        28,
                        29,
                        30,
                        33,
                        34,
                        35,
                        36,
                        37,
                        38,
                        39,
                        42,
                        43,
                        44,
                        45,
                        46,
                        47,
                        48,
                        51,
                        52,
                        53,
                        54,
                        57,
                        58,
                        59,
                        64,
                        65,
                        66,
                        67,
                        70,
                        73,
                        75,
                        76,
                        78,
                        82,
                        85,
                        92,
                        93,
                        95,
                        97,
                        99,
                        100,
                        103,
                        105
                    ],
                    "summary": {
                        "covered_lines": 57,
                        "num_statements": 60,
                        "percent_covered": 91.25,
                        "percent_covered_display": "91",
                        "missing_lines": 3,
                        "excluded_lines": 0,
                        "percent_statements_covered": 95.0,
                        "percent_statements_covered_display": "95",
                        "num_branches": 20,
                        "num_partial_branches": 4,
                        "covered_branches": 16,
                        "missing_branches": 4,
                        "percent_branches_covered": 80.0,
                        "percent_branches_covered_display": "80"
                    },
                    "missing_lines": [
                        61,
                        68,
                        79
                    ],
                    "excluded_lines": [],
                    "start_line": 1,
                    "executed_branches": [
                        [
                            27,
                            28
                        ],
                        [
                            27,
                            29
                        ],
                        [
                            36,
                            37
                        ],
                        [
                            36,
                            38
                        ],
                        [
                            45,
                            46
                        ],
                        [
                            45,
                            47
                        ],
                        [
                            52,
                            53
                        ],
                        [
                            58,
                            59
                        ],
                        [
                            65,
                            66
                        ],
                        [
                            65,
                            67
                        ],
                        [
                            67,
                            70
                        ],
                        [
                            75,
                            76
                        ],
                        [
                            75,
                            78
                        ],
                        [
                            78,
                            82
                        ],
                        [
                            92,
                            93
                        ],
                        [
                            92,
                            95
                        ]
                    ],
                    "missing_branches": [
                        [
                            52,
                            57
                        ],
                        [
                            58,
                            61
                        ],
                        [
                            67,
                            68
                        ],
                        [
                            78,
                            79
                        ]
                    ]
                }
            }
        }
    },
    "totals": {
        "covered_lines": 57,
        "num_statements": 60,
        "percent_covered": 91.25,
        "percent_covered_display": "91",
        "missing_lines": 3,
        "excluded_lines": 0,
        "percent_statements_covered": 95.0,
        "percent_statements_covered_display": "95",
        "num_branches": 20,
        "num_partial_branches": 4,
        "covered_branches": 16,
        "missing_branches": 4,
        "percent_branches_covered": 80.0,
        "percent_branches_covered_display": "80"
    }
}