{"meta": {"format": 3, "version": "7.16.1", "timestamp": "2026-09-23T17:20:30.822400", "branch_coverage": true, "show_contexts": false}, "files": {"Public_Proyects/fuzzywuzzy/fuzz.py": {"executed_lines": [3, 4, 5, 7, 8, 9, 10, 11, 12, 14, 21, 22, 23, 24, 25, 27, 28, 31, 32, 33, 34, 37, 39, 40, 41, 46, 47, 55, 56, 57, 58, 59, 61, 62, 63, 64, 75, 78, 79, 82, 83, 90, 91, 92, 93, 95, 98, 101, 105, 108, 115, 116, 124, 125, 168, 169, 172, 181, 195, 196, 197, 199, 200, 202, 203, 204, 207, 210, 224, 259, 263, 264, 266, 268, 272, 273, 274, 276, 277, 280, 281, 284, 287, 296, 297, 299, 302], "summary": {"covered_lines": 87, "num_statements": 130, "percent_covered": 62.65060240963855, "percent_covered_display": "63", "missing_lines": 43, "excluded_lines": 0, "percent_statements_covered": 66.92307692307692, "percent_statements_covered_display": "67", "num_branches": 36, "num_partial_branches": 13, "covered_branches": 17, "missing_branches": 19, "percent_branches_covered": 47.22222222222222, "percent_branches_covered_display": "47"}, "missing_lines": [43, 44, 66, 68, 96, 112, 127, 128, 130, 131, 132, 133, 136, 137, 139, 140, 141, 143, 144, 145, 147, 148, 151, 152, 153, 155, 156, 158, 160, 165, 173, 205, 220, 260, 261, 267, 269, 285, 288, 289, 291, 294, 306], "excluded_lines": [], "executed_branches": [[10, 11], [39, 40], [56, 57], [63, 64], [95, 98], [124, 125], [195, 196], [195, 199], [202, 203], [202, 204], [204, 207], [259, 263], [266, 268], [268, 272], [280, 281], [284, 287], [287, 296]], "missing_branches": [[10, 12], [39, 43], [56, 68], [63, 66], [95, 96], [124, 127], [130, 131], [130, 132], [132, 133], [132, 136], [155, 156], [155, 158], [204, 205], [259, 260], [266, 267], [268, 269], [280, 284], [284, 285], [287, 288]], "functions": {"ratio": {"executed_lines": [25, 27, 28], "summary": {"covered_lines": 3, "num_statements": 3, "percent_covered": 100.0, "percent_covered_display": "100", "missing_lines": 0, "excluded_lines": 0, "percent_statements_covered": 100.0, "percent_statements_covered_display": "100", "num_branches": 0, "num_partial_branches": 0, "covered_branches": 0, "missing_branches": 0, "percent_branches_covered": 100.0, "percent_branches_covered_display": "100"}, "missing_lines": [], "excluded_lines": [], "start_line": 24, "executed_branches": [], "missing_branches": []}, "partial_ratio": {"executed_lines": [37, 39, 40, 41, 46, 47, 55, 56, 57, 58, 59, 61, 62, 63, 64], "summary": {"covered_lines": 15, "num_statements": 19, "percent_covered": 72.0, "percent_covered_display": "72", "missing_lines": 4, "excluded_lines": 0, "percent_statements_covered": 78.94736842105263, "percent_statements_covered_display": "79", "num_branches": 6, "num_partial_branches": 3, "covered_branches": 3, "missing_branches": 3, "percent_branches_covered": 50.0, "percent_branches_covered_display": "50"}, "missing_lines": [43, 44, 66, 68], "excluded_lines": [], "start_line": 34, "executed_branches": [[39, 40], [56, 57], [63, 64]], "missing_branches": [[39, 43], [56, 68], [63, 66]]}, "_process_and_sort": {"executed_lines": [78, 79, 82, 83], "summary": {"covered_lines": 4, "num_statements": 4, "percent_covered": 100.0, "percent_covered_display": "100", "missing_lines": 0, "excluded_lines": 0, "percent_statements_covered": 100.0, "percent_statements_covered_display": "100", "num_branches": 0, "num_partial_branches": 0, "covered_branches": 0, "missing_branches": 0, "percent_branches_covered": 100.0, "percent_branches_covered_display": "100"}, "missing_lines": [], "excluded_lines": [], "start_line": 75, "executed_branches": [], "missing_branches": []}, "_token_sort": {"executed_lines": [92, 93, 95, 98], "summary": {"covered_lines": 4, "num_statements": 5, "percent_covered": 71.42857142857143, "percent_covered_display": "71", "missing_lines": 1, "excluded_lines": 0, "percent_statements_covered": 80.0, "percent_statements_covered_display": "80", "num_branches": 2, "num_partial_branches": 1, "covered_branches": 1, "missing_branches": 1, "percent_branches_covered": 50.0, "percent_branches_covered_display": "50"}, "missing_lines": [96], "excluded_lines": [], "start_line": 91, "executed_branches": [[95, 98]], "missing_branches": [[95, 96]]}, "token_sort_ratio": {"executed_lines": [105], "summary": {"covered_lines": 1, "num_statements": 1, "percent_covered": 100.0, "percent_covered_display": "100", "missing_lines": 0, "excluded_lines": 0, "percent_statements_covered": 100.0, "percent_statements_covered_display": "100", "num_branches": 0, "num_partial_branches": 0, "covered_branches": 0, "missing_branches": 0, "percent_branches_covered": 100.0, "percent_branches_covered_display": "100"}, "missing_lines": [], "excluded_lines": [], "start_line": 101, "executed_branches": [], "missing_branches": []}, "partial_token_sort_ratio": {"executed_lines": [], "summary": {"covered_lines": 0, "num_statements": 1, "percent_covered": 0.0, "percent_covered_display": "0", "missing_lines": 1, "excluded_lines": 0, "percent_statements_covered": 0.0, "percent_statements_covered_display": "0", "num_branches": 0, "num_partial_branches": 0, "covered_branches": 0, "missing_branches": 0, "percent_branches_covered": 100.0, "percent_branches_covered_display": "100"}, "missing_lines": [112], "excluded_lines": [], "start_line": 108, "executed_branches": [], "missing_branches": []}, "_token_set": {"executed_lines": [124, 125], "summary": {"covered_lines": 2, "num_statements": 26, "percent_covered": 8.823529411764707, "percent_covered_display": "9", "missing_lines": 24, "excluded_lines": 0, "percent_statements_covered": 7.6923076923076925, "percent_statements_covered_display": "8", "num_branches": 8, "num_partial_branches": 1, "covered_branches": 1, "missing_branches": 7, "percent_branches_covered": 12.5, "percent_branches_covered_display": "12"}, "missing_lines": [127, 128, 130, 131, 132, 133, 136, 137, 139, 140, 141, 143, 144, 145, 147, 148, 151, 152, 153, 155, 156, 158, 160, 165], "excluded_lines": [], "start_line": 116, "executed_branches": [[124, 125]], "missing_branches": [[124, 127], [130, 131], [130, 132], [132, 133], [132, 136], [155, 156], [155, 158]]}, "token_set_ratio": {"executed_lines": [169], "summary": {"covered_lines": 1, "num_statements": 1, "percent_covered": 100.0, "percent_covered_display": "100", "missing_lines": 0, "excluded_lines": 0, "percent_statements_covered": 100.0, "percent_statements_covered_display": "100", "num_branches": 0, "num_partial_branches": 0, "covered_branches": 0, "missing_branches": 0, "percent_branches_covered": 100.0, "percent_branches_covered_display": "100"}, "missing_lines": [], "excluded_lines": [], "start_line": 168, "executed_branches": [], "missing_branches": []}, "partial_token_set_ratio": {"executed_lines": [], "summary": {"covered_lines": 0, "num_statements": 1, "percent_covered": 0.0, "percent_covered_display": "0", "missing_lines": 1, "excluded_lines": 0, "percent_statements_covered": 0.0, "percent_statements_covered_display": "0", "num_branches": 0, "num_partial_branches": 0, "covered_branches": 0, "missing_branches": 0, "percent_branches_covered": 100.0, "percent_branches_covered_display": "100"}, "missing_lines": [173], "excluded_lines": [], "start_line": 172, "executed_branches": [], "missing_branches": []}, "QRatio": {"executed_lines": [195, 196, 197, 199, 200, 202, 203, 204, 207], "summary": {"covered_lines": 9, "num_statements": 10, "percent_covered": 87.5, "percent_covered_display": "88", "missing_lines": 1, "excluded_lines": 0, "percent_statements_covered": 90.0, "percent_statements_covered_display": "90", "num_branches": 6, "num_partial_branches": 1, "covered_branches": 5, "missing_branches": 1, "percent_branches_covered": 83.33333333333333, "percent_branches_covered_display": "83"}, "missing_lines": [205], "excluded_lines": [], "start_line": 181, "executed_branches": [[195, 196], [195, 199], [202, 203], [202, 204], [204, 207]], "missing_branches": [[204, 205]]}, "UQRatio": {"executed_lines": [], "summary": {"covered_lines": 0, "num_statements": 1, "percent_covered": 0.0, "percent_covered_display": "0", "missing_lines": 1, "excluded_lines": 0, "percent_statements_covered": 0.0, "percent_statements_covered_display": "0", "num_branches": 0, "num_partial_branches": 0, "covered_branches": 0, "missing_branches": 0, "percent_branches_covered": 100.0, "percent_branches_covered_display": "100"}, "missing_lines": [220], "excluded_lines": [], "start_line": 210, "executed_branches": [], "missing_branches": []}, "WRatio": {"executed_lines": [259, 263, 264, 266, 268, 272, 273, 274, 276, 277, 280, 281, 284, 287, 296, 297, 299], "summary": {"covered_lines": 17, "num_statements": 26, "percent_covered": 60.526315789473685, "percent_covered_display": "61", "missing_lines": 9, "excluded_lines": 0, "percent_statements_covered": 65.38461538461539, "percent_statements_covered_display": "65", "num_branches": 12, "num_partial_branches": 6, "covered_branches": 6, "missing_branches": 6, "percent_branches_covered": 50.0, "percent_branches_covered_display": "50"}, "missing_lines": [260, 261, 267, 269, 285, 288, 289, 291, 294], "excluded_lines": [], "start_line": 224, "executed_branches": [[259, 263], [266, 268], [268, 272], [280, 281], [284, 287], [287, 296]], "missing_branches": [[259, 260], [266, 267], [268, 269], [280, 284], [284, 285], [287, 288]]}, "UWRatio": {"executed_lines": [], "summary": {"covered_lines": 0, "num_statements": 1, "percent_covered": 0.0, "percent_covered_display": "0", "missing_lines": 1, "excluded_lines": 0, "percent_statements_covered": 0.0, "percent_statements_covered_display": "0", "num_branches": 0, "num_partial_branches": 0, "covered_branches": 0, "missing_branches": 0, "percent_branches_covered": 100.0, "percent_branches_covered_display": "100"}, "missing_lines": [306], "excluded_lines": [], "start_line": 302, "executed_branches": [], "missing_branches": []}, "": {"executed_lines": [3, 4, 5, 7, 8, 9, 10, 11, 12, 14, 21, 22, 23, 24, 31, 32, 33, 34, 75, 90, 91, 101, 108, 115, 116, 168, 172, 181, 210, 224, 302], "summary": {"covered_lines": 31, "num_statements": 31, "percent_covered": 96.96969696969697, "percent_covered_display": "97", "missing_lines": 0, "excluded_lines": 0, "percent_statements_covered": 100.0, "percent_statements_covered_display": "100", "num_branches": 2, "num_partial_branches": 1, "covered_branches": 1, "missing_branches": 1, "percent_branches_covered": 50.0, "percent_branches_covered_display": "50"}, "missing_lines": [], "excluded_lines": [], "start_line": 1, "executed_branches": [[10, 11]], "missing_branches": [[10, 12]]}}, "classes": {"": {"executed_lines": [3, 4, 5, 7, 8, 9, 10, 11, 12, 14, 21, 22, 23, 24, 25, 27, 28, 31, 32, 33, 34, 37, 39, 40, 41, 46, 47, 55, 56, 57, 58, 59, 61, 62, 63, 64, 75, 78, 79, 82, 83, 90, 91, 92, 93, 95, 98, 101, 105, 108, 115, 116, 124, 125, 168, 169, 172, 181, 195, 196, 197, 199, 200, 202, 203, 204, 207, 210, 224, 259, 263, 264, 266, 268, 272, 273, 274, 276, 277, 280, 281, 284, 287, 296, 297, 299, 302], "summary": {"covered_lines": 87, "num_statements": 130, "percent_covered": 62.65060240963855, "percent_covered_display": "63", "missing_lines": 43, "excluded_lines": 0, "percent_statements_covered": 66.92307692307692, "percent_statements_covered_display": "67", "num_branches": 36, "num_partial_branches": 13, "covered_branches": 17, "missing_branches": 19, "percent_branches_covered": 47.22222222222222, "percent_branches_covered_display": "47"}, "missing_lines": [43, 44, 66, 68, 96, 112, 127, 128, 130, 131, 132, 133, 136, 137, 139, 140, 141, 143, 144, 145, 147, 148, 151, 152, 153, 155, 156, 158, 160, 165, 173, 205, 220, 260, 261, 267, 269, 285, 288, 289, 291, 294, 306], "excluded_lines": [], "start_line": 1, "executed_branches": [[10, 11], [39, 40], [56, 57], [63, 64], [95, 98], [124, 125], [195, 196], [195, 199], [202, 203], [202, 204], [204, 207], [259, 263], [266, 268], [268, 272], [280, 281], [284, 287], [287, 296]], "missing_branches": [[10, 12], [39, 43], [56, 68], [63, 66], [95, 96], [124, 127], [130, 131], [130, 132], [132, 133], [132, 136], [155, 156], [155, 158], [204, 205], [259, 260], [266, 267], [268, 269], [280, 284], [284, 285], [287, 288]]}}}}, "totals": {"covered_lines": 87, "num_statements": 130, "percent_covered": 62.65060240963855, "percent_covered_display": "63", "missing_lines": 43, "excluded_lines": 0, "percent_statements_covered": 66.92307692307692, "percent_statements_covered_display": "67", "num_branches": 36, "num_partial_branches": 13, "covered_branches": 17, "missing_branches": 19, "percent_branches_covered": 47.22222222222222, "percent_branches_covered_display": "47"}}