{"meta": {"format": 3, "version": "7.16.1", "timestamp": "2026-09-22T12:48:29.766404", "branch_coverage": true, "show_contexts": false}, "files": {"Public_Proyects/fuzzywuzzy/fuzz.py": {"executed_lines": [3, 4, 5, 7, 8, 9, 10, 11, 12, 14, 21, 22, 23, 24, 25, 27, 28, 31, 32, 33, 34, 37, 39, 40, 41, 46, 47, 55, 56, 57, 58, 59, 61, 62, 63, 64, 66, 68, 75, 78, 79, 82, 83, 90, 91, 92, 93, 95, 96, 98, 101, 105, 108, 112, 115, 116, 124, 125, 127, 128, 130, 131, 132, 136, 137, 139, 140, 141, 143, 144, 145, 147, 148, 151, 152, 153, 155, 156, 158, 160, 165, 168, 169, 172, 173, 181, 195, 196, 197, 199, 200, 202, 203, 204, 207, 210, 220, 224, 259, 260, 261, 263, 264, 266, 267, 268, 272, 273, 274, 276, 277, 280, 281, 284, 285, 287, 288, 289, 291, 294, 296, 297, 299, 302, 306], "summary": {"covered_lines": 125, "num_statements": 130, "percent_covered": 93.97590361445783, "percent_covered_display": "94", "missing_lines": 5, "excluded_lines": 0, "percent_statements_covered": 96.15384615384616, "percent_statements_covered_display": "96", "num_branches": 36, "num_partial_branches": 5, "covered_branches": 31, "missing_branches": 5, "percent_branches_covered": 86.11111111111111, "percent_branches_covered_display": "86"}, "missing_lines": [43, 44, 133, 205, 269], "excluded_lines": [], "executed_branches": [[10, 11], [39, 40], [56, 57], [56, 68], [63, 64], [63, 66], [95, 96], [95, 98], [124, 125], [124, 127], [130, 131], [130, 132], [132, 136], [155, 156], [155, 158], [195, 196], [195, 199], [202, 203], [202, 204], [204, 207], [259, 260], [259, 263], [266, 267], [266, 268], [268, 272], [280, 281], [280, 284], [284, 285], [284, 287], [287, 288], [287, 296]], "missing_branches": [[10, 12], [39, 43], [132, 133], [204, 205], [268, 269]], "functions": {"ratio": {"executed_lines": [25, 27, 28], "summary": {"covered_lines": 3, "num_statements": 3, "percent_covered": 100.0, "percent_covered_display": "100", "missing_lines": 0, "excluded_lines": 0, "percent_statements_covered": 100.0, "percent_statements_covered_display": "100", "num_branches": 0, "num_partial_branches": 0, "covered_branches": 0, "missing_branches": 0, "percent_branches_covered": 100.0, "percent_branches_covered_display": "100"}, "missing_lines": [], "excluded_lines": [], "start_line": 24, "executed_branches": [], "missing_branches": []}, "partial_ratio": {"executed_lines": [37, 39, 40, 41, 46, 47, 55, 56, 57, 58, 59, 61, 62, 63, 64, 66, 68], "summary": {"covered_lines": 17, "num_statements": 19, "percent_covered": 88.0, "percent_covered_display": "88", "missing_lines": 2, "excluded_lines": 0, "percent_statements_covered": 89.47368421052632, "percent_statements_covered_display": "89", "num_branches": 6, "num_partial_branches": 1, "covered_branches": 5, "missing_branches": 1, "percent_branches_covered": 83.33333333333333, "percent_branches_covered_display": "83"}, "missing_lines": [43, 44], "excluded_lines": [], "start_line": 34, "executed_branches": [[39, 40], [56, 57], [56, 68], [63, 64], [63, 66]], "missing_branches": [[39, 43]]}, "_process_and_sort": {"executed_lines": [78, 79, 82, 83], "summary": {"covered_lines": 4, "num_statements": 4, "percent_covered": 100.0, "percent_covered_display": "100", "missing_lines": 0, "excluded_lines": 0, "percent_statements_covered": 100.0, "percent_statements_covered_display": "100", "num_branches": 0, "num_partial_branches": 0, "covered_branches": 0, "missing_branches": 0, "percent_branches_covered": 100.0, "percent_branches_covered_display": "100"}, "missing_lines": [], "excluded_lines": [], "start_line": 75, "executed_branches": [], "missing_branches": []}, "_token_sort": {"executed_lines": [92, 93, 95, 96, 98], "summary": {"covered_lines": 5, "num_statements": 5, "percent_covered": 100.0, "percent_covered_display": "100", "missing_lines": 0, "excluded_lines": 0, "percent_statements_covered": 100.0, "percent_statements_covered_display": "100", "num_branches": 2, "num_partial_branches": 0, "covered_branches": 2, "missing_branches": 0, "percent_branches_covered": 100.0, "percent_branches_covered_display": "100"}, "missing_lines": [], "excluded_lines": [], "start_line": 91, "executed_branches": [[95, 96], [95, 98]], "missing_branches": []}, "token_sort_ratio": {"executed_lines": [105], "summary": {"covered_lines": 1, "num_statements": 1, "percent_covered": 100.0, "percent_covered_display": "100", "missing_lines": 0, "excluded_lines": 0, "percent_statements_covered": 100.0, "percent_statements_covered_display": "100", "num_branches": 0, "num_partial_branches": 0, "covered_branches": 0, "missing_branches": 0, "percent_branches_covered": 100.0, "percent_branches_covered_display": "100"}, "missing_lines": [], "excluded_lines": [], "start_line": 101, "executed_branches": [], "missing_branches": []}, "partial_token_sort_ratio": {"executed_lines": [112], "summary": {"covered_lines": 1, "num_statements": 1, "percent_covered": 100.0, "percent_covered_display": "100", "missing_lines": 0, "excluded_lines": 0, "percent_statements_covered": 100.0, "percent_statements_covered_display": "100", "num_branches": 0, "num_partial_branches": 0, "covered_branches": 0, "missing_branches": 0, "percent_branches_covered": 100.0, "percent_branches_covered_display": "100"}, "missing_lines": [], "excluded_lines": [], "start_line": 108, "executed_branches": [], "missing_branches": []}, "_token_set": {"executed_lines": [124, 125, 127, 128, 130, 131, 132, 136, 137, 139, 140, 141, 143, 144, 145, 147, 148, 151, 152, 153, 155, 156, 158, 160, 165], "summary": {"covered_lines": 25, "num_statements": 26, "percent_covered": 94.11764705882354, "percent_covered_display": "94", "missing_lines": 1, "excluded_lines": 0, "percent_statements_covered": 96.15384615384616, "percent_statements_covered_display": "96", "num_branches": 8, "num_partial_branches": 1, "covered_branches": 7, "missing_branches": 1, "percent_branches_covered": 87.5, "percent_branches_covered_display": "88"}, "missing_lines": [133], "excluded_lines": [], "start_line": 116, "executed_branches": [[124, 125], [124, 127], [130, 131], [130, 132], [132, 136], [155, 156], [155, 158]], "missing_branches": [[132, 133]]}, "token_set_ratio": {"executed_lines": [169], "summary": {"covered_lines": 1, "num_statements": 1, "percent_covered": 100.0, "percent_covered_display": "100", "missing_lines": 0, "excluded_lines": 0, "percent_statements_covered": 100.0, "percent_statements_covered_display": "100", "num_branches": 0, "num_partial_branches": 0, "covered_branches": 0, "missing_branches": 0, "percent_branches_covered": 100.0, "percent_branches_covered_display": "100"}, "missing_lines": [], "excluded_lines": [], "start_line": 168, "executed_branches": [], "missing_branches": []}, "partial_token_set_ratio": {"executed_lines": [173], "summary": {"covered_lines": 1, "num_statements": 1, "percent_covered": 100.0, "percent_covered_display": "100", "missing_lines": 0, "excluded_lines": 0, "percent_statements_covered": 100.0, "percent_statements_covered_display": "100", "num_branches": 0, "num_partial_branches": 0, "covered_branches": 0, "missing_branches": 0, "percent_branches_covered": 100.0, "percent_branches_covered_display": "100"}, "missing_lines": [], "excluded_lines": [], "start_line": 172, "executed_branches": [], "missing_branches": []}, "QRatio": {"executed_lines": [195, 196, 197, 199, 200, 202, 203, 204, 207], "summary": {"covered_lines": 9, "num_statements": 10, "percent_covered": 87.5, "percent_covered_display": "88", "missing_lines": 1, "excluded_lines": 0, "percent_statements_covered": 90.0, "percent_statements_covered_display": "90", "num_branches": 6, "num_partial_branches": 1, "covered_branches": 5, "missing_branches": 1, "percent_branches_covered": 83.33333333333333, "percent_branches_covered_display": "83"}, "missing_lines": [205], "excluded_lines": [], "start_line": 181, "executed_branches": [[195, 196], [195, 199], [202, 203], [202, 204], [204, 207]], "missing_branches": [[204, 205]]}, "UQRatio": {"executed_lines": [220], "summary": {"covered_lines": 1, "num_statements": 1, "percent_covered": 100.0, "percent_covered_display": "100", "missing_lines": 0, "excluded_lines": 0, "percent_statements_covered": 100.0, "percent_statements_covered_display": "100", "num_branches": 0, "num_partial_branches": 0, "covered_branches": 0, "missing_branches": 0, "percent_branches_covered": 100.0, "percent_branches_covered_display": "100"}, "missing_lines": [], "excluded_lines": [], "start_line": 210, "executed_branches": [], "missing_branches": []}, "WRatio": {"executed_lines": [259, 260, 261, 263, 264, 266, 267, 268, 272, 273, 274, 276, 277, 280, 281, 284, 285, 287, 288, 289, 291, 294, 296, 297, 299], "summary": {"covered_lines": 25, "num_statements": 26, "percent_covered": 94.73684210526316, "percent_covered_display": "95", "missing_lines": 1, "excluded_lines": 0, "percent_statements_covered": 96.15384615384616, "percent_statements_covered_display": "96", "num_branches": 12, "num_partial_branches": 1, "covered_branches": 11, "missing_branches": 1, "percent_branches_covered": 91.66666666666667, "percent_branches_covered_display": "92"}, "missing_lines": [269], "excluded_lines": [], "start_line": 224, "executed_branches": [[259, 260], [259, 263], [266, 267], [266, 268], [268, 272], [280, 281], [280, 284], [284, 285], [284, 287], [287, 288], [287, 296]], "missing_branches": [[268, 269]]}, "UWRatio": {"executed_lines": [306], "summary": {"covered_lines": 1, "num_statements": 1, "percent_covered": 100.0, "percent_covered_display": "100", "missing_lines": 0, "excluded_lines": 0, "percent_statements_covered": 100.0, "percent_statements_covered_display": "100", "num_branches": 0, "num_partial_branches": 0, "covered_branches": 0, "missing_branches": 0, "percent_branches_covered": 100.0, "percent_branches_covered_display": "100"}, "missing_lines": [], "excluded_lines": [], "start_line": 302, "executed_branches": [], "missing_branches": []}, "": {"executed_lines": [3, 4, 5, 7, 8, 9, 10, 11, 12, 14, 21, 22, 23, 24, 31, 32, 33, 34, 75, 90, 91, 101, 108, 115, 116, 168, 172, 181, 210, 224, 302], "summary": {"covered_lines": 31, "num_statements": 31, "percent_covered": 96.96969696969697, "percent_covered_display": "97", "missing_lines": 0, "excluded_lines": 0, "percent_statements_covered": 100.0, "percent_statements_covered_display": "100", "num_branches": 2, "num_partial_branches": 1, "covered_branches": 1, "missing_branches": 1, "percent_branches_covered": 50.0, "percent_branches_covered_display": "50"}, "missing_lines": [], "excluded_lines": [], "start_line": 1, "executed_branches": [[10, 11]], "missing_branches": [[10, 12]]}}, "classes": {"": {"executed_lines": [3, 4, 5, 7, 8, 9, 10, 11, 12, 14, 21, 22, 23, 24, 25, 27, 28, 31, 32, 33, 34, 37, 39, 40, 41, 46, 47, 55, 56, 57, 58, 59, 61, 62, 63, 64, 66, 68, 75, 78, 79, 82, 83, 90, 91, 92, 93, 95, 96, 98, 101, 105, 108, 112, 115, 116, 124, 125, 127, 128, 130, 131, 132, 136, 137, 139, 140, 141, 143, 144, 145, 147, 148, 151, 152, 153, 155, 156, 158, 160, 165, 168, 169, 172, 173, 181, 195, 196, 197, 199, 200, 202, 203, 204, 207, 210, 220, 224, 259, 260, 261, 263, 264, 266, 267, 268, 272, 273, 274, 276, 277, 280, 281, 284, 285, 287, 288, 289, 291, 294, 296, 297, 299, 302, 306], "summary": {"covered_lines": 125, "num_statements": 130, "percent_covered": 93.97590361445783, "percent_covered_display": "94", "missing_lines": 5, "excluded_lines": 0, "percent_statements_covered": 96.15384615384616, "percent_statements_covered_display": "96", "num_branches": 36, "num_partial_branches": 5, "covered_branches": 31, "missing_branches": 5, "percent_branches_covered": 86.11111111111111, "percent_branches_covered_display": "86"}, "missing_lines": [43, 44, 133, 205, 269], "excluded_lines": [], "start_line": 1, "executed_branches": [[10, 11], [39, 40], [56, 57], [56, 68], [63, 64], [63, 66], [95, 96], [95, 98], [124, 125], [124, 127], [130, 131], [130, 132], [132, 136], [155, 156], [155, 158], [195, 196], [195, 199], [202, 203], [202, 204], [204, 207], [259, 260], [259, 263], [266, 267], [266, 268], [268, 272], [280, 281], [280, 284], [284, 285], [284, 287], [287, 288], [287, 296]], "missing_branches": [[10, 12], [39, 43], [132, 133], [204, 205], [268, 269]]}}}}, "totals": {"covered_lines": 125, "num_statements": 130, "percent_covered": 93.97590361445783, "percent_covered_display": "94", "missing_lines": 5, "excluded_lines": 0, "percent_statements_covered": 96.15384615384616, "percent_statements_covered_display": "96", "num_branches": 36, "num_partial_branches": 5, "covered_branches": 31, "missing_branches": 5, "percent_branches_covered": 86.11111111111111, "percent_branches_covered_display": "86"}}