{"meta": {"format": 3, "version": "7.16.1", "timestamp": "2026-09-22T22:12:25.376502", "branch_coverage": true, "show_contexts": false}, "files": {"Public_Proyects/fuzzywuzzy/string_processing.py": {"executed_lines": [1, 2, 3, 4, 6, 7, 8, 11, 18, 20, 21, 26, 28, 29, 30], "summary": {"covered_lines": 15, "num_statements": 15, "percent_covered": 94.11764705882354, "percent_covered_display": "94", "missing_lines": 0, "excluded_lines": 0, "percent_statements_covered": 100.0, "percent_statements_covered_display": "100", "num_branches": 2, "num_partial_branches": 1, "covered_branches": 1, "missing_branches": 1, "percent_branches_covered": 50.0, "percent_branches_covered_display": "50"}, "missing_lines": [], "excluded_lines": [], "executed_branches": [[7, 8]], "missing_branches": [[7, 11]], "functions": {"StringProcessor.replace_non_letters_non_numbers_with_whitespace": {"executed_lines": [26], "summary": {"covered_lines": 1, "num_statements": 1, "percent_covered": 100.0, "percent_covered_display": "100", "missing_lines": 0, "excluded_lines": 0, "percent_statements_covered": 100.0, "percent_statements_covered_display": "100", "num_branches": 0, "num_partial_branches": 0, "covered_branches": 0, "missing_branches": 0, "percent_branches_covered": 100.0, "percent_branches_covered_display": "100"}, "missing_lines": [], "excluded_lines": [], "start_line": 21, "executed_branches": [], "missing_branches": []}, "": {"executed_lines": [1, 2, 3, 4, 6, 7, 8, 11, 18, 20, 21, 28, 29, 30], "summary": {"covered_lines": 14, "num_statements": 14, "percent_covered": 93.75, "percent_covered_display": "94", "missing_lines": 0, "excluded_lines": 0, "percent_statements_covered": 100.0, "percent_statements_covered_display": "100", "num_branches": 2, "num_partial_branches": 1, "covered_branches": 1, "missing_branches": 1, "percent_branches_covered": 50.0, "percent_branches_covered_display": "50"}, "missing_lines": [], "excluded_lines": [], "start_line": 1, "executed_branches": [[7, 8]], "missing_branches": [[7, 11]]}}, "classes": {"StringProcessor": {"executed_lines": [26], "summary": {"covered_lines": 1, "num_statements": 1, "percent_covered": 100.0, "percent_covered_display": "100", "missing_lines": 0, "excluded_lines": 0, "percent_statements_covered": 100.0, "percent_statements_covered_display": "100", "num_branches": 0, "num_partial_branches": 0, "covered_branches": 0, "missing_branches": 0, "percent_branches_covered": 100.0, "percent_branches_covered_display": "100"}, "missing_lines": [], "excluded_lines": [], "start_line": 11, "executed_branches": [], "missing_branches": []}, "": {"executed_lines": [1, 2, 3, 4, 6, 7, 8, 11, 18, 20, 21, 28, 29, 30], "summary": {"covered_lines": 14, "num_statements": 14, "percent_covered": 93.75, "percent_covered_display": "94", "missing_lines": 0, "excluded_lines": 0, "percent_statements_covered": 100.0, "percent_statements_covered_display": "100", "num_branches": 2, "num_partial_branches": 1, "covered_branches": 1, "missing_branches": 1, "percent_branches_covered": 50.0, "percent_branches_covered_display": "50"}, "missing_lines": [], "excluded_lines": [], "start_line": 1, "executed_branches": [[7, 8]], "missing_branches": [[7, 11]]}}}}, "totals": {"covered_lines": 15, "num_statements": 15, "percent_covered": 94.11764705882354, "percent_covered_display": "94", "missing_lines": 0, "excluded_lines": 0, "percent_statements_covered": 100.0, "percent_statements_covered_display": "100", "num_branches": 2, "num_partial_branches": 1, "covered_branches": 1, "missing_branches": 1, "percent_branches_covered": 50.0, "percent_branches_covered_display": "50"}}