{"meta": {"format": 3, "version": "7.16.1", "timestamp": "2026-09-22T22:13:23.481425", "branch_coverage": true, "show_contexts": false}, "files": {"Public_Proyects/fuzzywuzzy/StringMatcher.py": {"executed_lines": [11, 12, 15, 18, 19, 20, 22, 23, 24, 25, 26, 28, 29, 30, 32, 33, 34, 36, 37, 38, 40, 41, 42, 43, 45, 46, 48, 49, 50, 51, 53, 54, 56, 57, 58, 60, 62, 63, 64, 65, 67, 69, 71, 73, 74, 75, 77, 78, 79, 80], "summary": {"covered_lines": 50, "num_statements": 51, "percent_covered": 89.85507246376811, "percent_covered_display": "90", "missing_lines": 1, "excluded_lines": 0, "percent_statements_covered": 98.03921568627452, "percent_statements_covered_display": "98", "num_branches": 18, "num_partial_branches": 6, "covered_branches": 12, "missing_branches": 6, "percent_branches_covered": 66.66666666666667, "percent_branches_covered_display": "67"}, "missing_lines": [70], "excluded_lines": [], "executed_branches": [[23, 24], [23, 25], [41, 42], [42, 43], [42, 45], [49, 50], [50, 51], [50, 53], [57, 58], [63, 64], [69, 71], [78, 79]], "missing_branches": [[41, 46], [49, 54], [57, 60], [63, 65], [69, 70], [78, 80]], "functions": {"StringMatcher._reset_cache": {"executed_lines": [19, 20], "summary": {"covered_lines": 2, "num_statements": 2, "percent_covered": 100.0, "percent_covered_display": "100", "missing_lines": 0, "excluded_lines": 0, "percent_statements_covered": 100.0, "percent_statements_covered_display": "100", "num_branches": 0, "num_partial_branches": 0, "covered_branches": 0, "missing_branches": 0, "percent_branches_covered": 100.0, "percent_branches_covered_display": "100"}, "missing_lines": [], "excluded_lines": [], "start_line": 18, "executed_branches": [], "missing_branches": []}, "StringMatcher.__init__": {"executed_lines": [23, 24, 25, 26], "summary": {"covered_lines": 4, "num_statements": 4, "percent_covered": 100.0, "percent_covered_display": "100", "missing_lines": 0, "excluded_lines": 0, "percent_statements_covered": 100.0, "percent_statements_covered_display": "100", "num_branches": 2, "num_partial_branches": 0, "covered_branches": 2, "missing_branches": 0, "percent_branches_covered": 100.0, "percent_branches_covered_display": "100"}, "missing_lines": [], "excluded_lines": [], "start_line": 22, "executed_branches": [[23, 24], [23, 25]], "missing_branches": []}, "StringMatcher.set_seqs": {"executed_lines": [29, 30], "summary": {"covered_lines": 2, "num_statements": 2, "percent_covered": 100.0, "percent_covered_display": "100", "missing_lines": 0, "excluded_lines": 0, "percent_statements_covered": 100.0, "percent_statements_covered_display": "100", "num_branches": 0, "num_partial_branches": 0, "covered_branches": 0, "missing_branches": 0, "percent_branches_covered": 100.0, "percent_branches_covered_display": "100"}, "missing_lines": [], "excluded_lines": [], "start_line": 28, "executed_branches": [], "missing_branches": []}, "StringMatcher.set_seq1": {"executed_lines": [33, 34], "summary": {"covered_lines": 2, "num_statements": 2, "percent_covered": 100.0, "percent_covered_display": "100", "missing_lines": 0, "excluded_lines": 0, "percent_statements_covered": 100.0, "percent_statements_covered_display": "100", "num_branches": 0, "num_partial_branches": 0, "covered_branches": 0, "missing_branches": 0, "percent_branches_covered": 100.0, "percent_branches_covered_display": "100"}, "missing_lines": [], "excluded_lines": [], "start_line": 32, "executed_branches": [], "missing_branches": []}, "StringMatcher.set_seq2": {"executed_lines": [37, 38], "summary": {"covered_lines": 2, "num_statements": 2, "percent_covered": 100.0, "percent_covered_display": "100", "missing_lines": 0, "excluded_lines": 0, "percent_statements_covered": 100.0, "percent_statements_covered_display": "100", "num_branches": 0, "num_partial_branches": 0, "covered_branches": 0, "missing_branches": 0, "percent_branches_covered": 100.0, "percent_branches_covered_display": "100"}, "missing_lines": [], "excluded_lines": [], "start_line": 36, "executed_branches": [], "missing_branches": []}, "StringMatcher.get_opcodes": {"executed_lines": [41, 42, 43, 45, 46], "summary": {"covered_lines": 5, "num_statements": 5, "percent_covered": 88.88888888888889, "percent_covered_display": "89", "missing_lines": 0, "excluded_lines": 0, "percent_statements_covered": 100.0, "percent_statements_covered_display": "100", "num_branches": 4, "num_partial_branches": 1, "covered_branches": 3, "missing_branches": 1, "percent_branches_covered": 75.0, "percent_branches_covered_display": "75"}, "missing_lines": [], "excluded_lines": [], "start_line": 40, "executed_branches": [[41, 42], [42, 43], [42, 45]], "missing_branches": [[41, 46]]}, "StringMatcher.get_editops": {"executed_lines": [49, 50, 51, 53, 54], "summary": {"covered_lines": 5, "num_statements": 5, "percent_covered": 88.88888888888889, "percent_covered_display": "89", "missing_lines": 0, "excluded_lines": 0, "percent_statements_covered": 100.0, "percent_statements_covered_display": "100", "num_branches": 4, "num_partial_branches": 1, "covered_branches": 3, "missing_branches": 1, "percent_branches_covered": 75.0, "percent_branches_covered_display": "75"}, "missing_lines": [], "excluded_lines": [], "start_line": 48, "executed_branches": [[49, 50], [50, 51], [50, 53]], "missing_branches": [[49, 54]]}, "StringMatcher.get_matching_blocks": {"executed_lines": [57, 58, 60], "summary": {"covered_lines": 3, "num_statements": 3, "percent_covered": 80.0, "percent_covered_display": "80", "missing_lines": 0, "excluded_lines": 0, "percent_statements_covered": 100.0, "percent_statements_covered_display": "100", "num_branches": 2, "num_partial_branches": 1, "covered_branches": 1, "missing_branches": 1, "percent_branches_covered": 50.0, "percent_branches_covered_display": "50"}, "missing_lines": [], "excluded_lines": [], "start_line": 56, "executed_branches": [[57, 58]], "missing_branches": [[57, 60]]}, "StringMatcher.ratio": {"executed_lines": [63, 64, 65], "summary": {"covered_lines": 3, "num_statements": 3, "percent_covered": 80.0, "percent_covered_display": "80", "missing_lines": 0, "excluded_lines": 0, "percent_statements_covered": 100.0, "percent_statements_covered_display": "100", "num_branches": 2, "num_partial_branches": 1, "covered_branches": 1, "missing_branches": 1, "percent_branches_covered": 50.0, "percent_branches_covered_display": "50"}, "missing_lines": [], "excluded_lines": [], "start_line": 62, "executed_branches": [[63, 64]], "missing_branches": [[63, 65]]}, "StringMatcher.quick_ratio": {"executed_lines": [69, 71], "summary": {"covered_lines": 2, "num_statements": 3, "percent_covered": 60.0, "percent_covered_display": "60", "missing_lines": 1, "excluded_lines": 0, "percent_statements_covered": 66.66666666666667, "percent_statements_covered_display": "67", "num_branches": 2, "num_partial_branches": 1, "covered_branches": 1, "missing_branches": 1, "percent_branches_covered": 50.0, "percent_branches_covered_display": "50"}, "missing_lines": [70], "excluded_lines": [], "start_line": 67, "executed_branches": [[69, 71]], "missing_branches": [[69, 70]]}, "StringMatcher.real_quick_ratio": {"executed_lines": [74, 75], "summary": {"covered_lines": 2, "num_statements": 2, "percent_covered": 100.0, "percent_covered_display": "100", "missing_lines": 0, "excluded_lines": 0, "percent_statements_covered": 100.0, "percent_statements_covered_display": "100", "num_branches": 0, "num_partial_branches": 0, "covered_branches": 0, "missing_branches": 0, "percent_branches_covered": 100.0, "percent_branches_covered_display": "100"}, "missing_lines": [], "excluded_lines": [], "start_line": 73, "executed_branches": [], "missing_branches": []}, "StringMatcher.distance": {"executed_lines": [78, 79, 80], "summary": {"covered_lines": 3, "num_statements": 3, "percent_covered": 80.0, "percent_covered_display": "80", "missing_lines": 0, "excluded_lines": 0, "percent_statements_covered": 100.0, "percent_statements_covered_display": "100", "num_branches": 2, "num_partial_branches": 1, "covered_branches": 1, "missing_branches": 1, "percent_branches_covered": 50.0, "percent_branches_covered_display": "50"}, "missing_lines": [], "excluded_lines": [], "start_line": 77, "executed_branches": [[78, 79]], "missing_branches": [[78, 80]]}, "": {"executed_lines": [11, 12, 15, 18, 22, 28, 32, 36, 40, 48, 56, 62, 67, 73, 77], "summary": {"covered_lines": 15, "num_statements": 15, "percent_covered": 100.0, "percent_covered_display": "100", "missing_lines": 0, "excluded_lines": 0, "percent_statements_covered": 100.0, "percent_statements_covered_display": "100", "num_branches": 0, "num_partial_branches": 0, "covered_branches": 0, "missing_branches": 0, "percent_branches_covered": 100.0, "percent_branches_covered_display": "100"}, "missing_lines": [], "excluded_lines": [], "start_line": 1, "executed_branches": [], "missing_branches": []}}, "classes": {"StringMatcher": {"executed_lines": [19, 20, 23, 24, 25, 26, 29, 30, 33, 34, 37, 38, 41, 42, 43, 45, 46, 49, 50, 51, 53, 54, 57, 58, 60, 63, 64, 65, 69, 71, 74, 75, 78, 79, 80], "summary": {"covered_lines": 35, "num_statements": 36, "percent_covered": 87.03703703703704, "percent_covered_display": "87", "missing_lines": 1, "excluded_lines": 0, "percent_statements_covered": 97.22222222222223, "percent_statements_covered_display": "97", "num_branches": 18, "num_partial_branches": 6, "covered_branches": 12, "missing_branches": 6, "percent_branches_covered": 66.66666666666667, "percent_branches_covered_display": "67"}, "missing_lines": [70], "excluded_lines": [], "start_line": 15, "executed_branches": [[23, 24], [23, 25], [41, 42], [42, 43], [42, 45], [49, 50], [50, 51], [50, 53], [57, 58], [63, 64], [69, 71], [78, 79]], "missing_branches": [[41, 46], [49, 54], [57, 60], [63, 65], [69, 70], [78, 80]]}, "": {"executed_lines": [11, 12, 15, 18, 22, 28, 32, 36, 40, 48, 56, 62, 67, 73, 77], "summary": {"covered_lines": 15, "num_statements": 15, "percent_covered": 100.0, "percent_covered_display": "100", "missing_lines": 0, "excluded_lines": 0, "percent_statements_covered": 100.0, "percent_statements_covered_display": "100", "num_branches": 0, "num_partial_branches": 0, "covered_branches": 0, "missing_branches": 0, "percent_branches_covered": 100.0, "percent_branches_covered_display": "100"}, "missing_lines": [], "excluded_lines": [], "start_line": 1, "executed_branches": [], "missing_branches": []}}}}, "totals": {"covered_lines": 50, "num_statements": 51, "percent_covered": 89.85507246376811, "percent_covered_display": "90", "missing_lines": 1, "excluded_lines": 0, "percent_statements_covered": 98.03921568627452, "percent_statements_covered_display": "98", "num_branches": 18, "num_partial_branches": 6, "covered_branches": 12, "missing_branches": 6, "percent_branches_covered": 66.66666666666667, "percent_branches_covered_display": "67"}}