{"meta": {"format": 3, "version": "7.16.1", "timestamp": "2026-09-23T16:40:28.608721", "branch_coverage": true, "show_contexts": false}, "files": {"Public_Proyects/tree/tree.py": {"executed_lines": [2, 4, 5, 7, 9, 12, 15, 16, 17, 18, 19, 20, 21, 22, 23, 25, 26, 28, 29, 30, 32, 34, 37, 38, 40, 41, 43, 45, 49, 50, 52, 53, 54, 55, 57, 58, 64, 65, 66, 68, 69, 71, 72, 74, 101, 102, 104, 126, 130, 131, 133, 134, 136, 140, 142, 144, 147, 149, 152, 154, 156, 157, 158, 160, 161, 163, 164, 165, 166, 167], "summary": {"covered_lines": 70, "num_statements": 87, "percent_covered": 79.48717948717949, "percent_covered_display": "79", "missing_lines": 17, "excluded_lines": 0, "percent_statements_covered": 80.45977011494253, "percent_statements_covered_display": "80", "num_branches": 30, "num_partial_branches": 5, "covered_branches": 23, "missing_branches": 7, "percent_branches_covered": 76.66666666666667, "percent_branches_covered_display": "77"}, "missing_lines": [61, 62, 75, 77, 78, 79, 80, 82, 84, 85, 86, 89, 92, 93, 97, 98, 127], "excluded_lines": [], "executed_branches": [[38, 40], [38, 43], [52, 53], [52, 66], [54, 52], [54, 55], [55, 57], [64, 65], [126, 130], [130, 131], [130, 133], [133, 134], [133, 136], [142, 144], [142, 147], [147, 149], [147, 152], [156, 157], [156, 161], [157, 158], [157, 160], [165, 166], [165, 167]], "missing_branches": [[55, 61], [64, 54], [74, 75], [74, 77], [79, 80], [79, 82], [126, 127]], "functions": {"Tree.__init__": {"executed_lines": [16, 17, 18, 19, 20, 21, 22, 23, 25, 26], "summary": {"covered_lines": 10, "num_statements": 10, "percent_covered": 100.0, "percent_covered_display": "100", "missing_lines": 0, "excluded_lines": 0, "percent_statements_covered": 100.0, "percent_statements_covered_display": "100", "num_branches": 0, "num_partial_branches": 0, "covered_branches": 0, "missing_branches": 0, "percent_branches_covered": 100.0, "percent_branches_covered_display": "100"}, "missing_lines": [], "excluded_lines": [], "start_line": 15, "executed_branches": [], "missing_branches": []}, "Tree.is_terminal": {"executed_lines": [30], "summary": {"covered_lines": 1, "num_statements": 1, "percent_covered": 100.0, "percent_covered_display": "100", "missing_lines": 0, "excluded_lines": 0, "percent_statements_covered": 100.0, "percent_statements_covered_display": "100", "num_branches": 0, "num_partial_branches": 0, "covered_branches": 0, "missing_branches": 0, "percent_branches_covered": 100.0, "percent_branches_covered_display": "100"}, "missing_lines": [], "excluded_lines": [], "start_line": 29, "executed_branches": [], "missing_branches": []}, "Tree._find_splits": {"executed_lines": [34, 37, 38, 40, 41, 43], "summary": {"covered_lines": 6, "num_statements": 6, "percent_covered": 100.0, "percent_covered_display": "100", "missing_lines": 0, "excluded_lines": 0, "percent_statements_covered": 100.0, "percent_statements_covered_display": "100", "num_branches": 2, "num_partial_branches": 0, "covered_branches": 2, "missing_branches": 0, "percent_branches_covered": 100.0, "percent_branches_covered_display": "100"}, "missing_lines": [], "excluded_lines": [], "start_line": 32, "executed_branches": [[38, 40], [38, 43]], "missing_branches": []}, "Tree._find_best_split": {"executed_lines": [49, 50, 52, 53, 54, 55, 57, 58, 64, 65, 66], "summary": {"covered_lines": 11, "num_statements": 13, "percent_covered": 80.95238095238095, "percent_covered_display": "81", "missing_lines": 2, "excluded_lines": 0, "percent_statements_covered": 84.61538461538461, "percent_statements_covered_display": "85", "num_branches": 8, "num_partial_branches": 2, "covered_branches": 6, "missing_branches": 2, "percent_branches_covered": 75.0, "percent_branches_covered_display": "75"}, "missing_lines": [61, 62], "excluded_lines": [], "start_line": 45, "executed_branches": [[52, 53], [52, 66], [54, 52], [54, 55], [55, 57], [64, 65]], "missing_branches": [[55, 61], [64, 54]]}, "Tree._train": {"executed_lines": [69, 71, 72, 74, 101, 102], "summary": {"covered_lines": 6, "num_statements": 20, "percent_covered": 25.0, "percent_covered_display": "25", "missing_lines": 14, "excluded_lines": 0, "percent_statements_covered": 30.0, "percent_statements_covered_display": "30", "num_branches": 4, "num_partial_branches": 2, "covered_branches": 0, "missing_branches": 4, "percent_branches_covered": 0.0, "percent_branches_covered_display": "0"}, "missing_lines": [75, 77, 78, 79, 80, 82, 84, 85, 86, 89, 92, 93, 97, 98], "excluded_lines": [], "start_line": 68, "executed_branches": [], "missing_branches": [[74, 75], [74, 77], [79, 80], [79, 82]]}, "Tree.train": {"executed_lines": [126, 130, 131, 133, 134, 136], "summary": {"covered_lines": 6, "num_statements": 7, "percent_covered": 84.61538461538461, "percent_covered_display": "85", "missing_lines": 1, "excluded_lines": 0, "percent_statements_covered": 85.71428571428571, "percent_statements_covered_display": "86", "num_branches": 6, "num_partial_branches": 1, "covered_branches": 5, "missing_branches": 1, "percent_branches_covered": 83.33333333333333, "percent_branches_covered_display": "83"}, "missing_lines": [127], "excluded_lines": [], "start_line": 104, "executed_branches": [[126, 130], [130, 131], [130, 133], [133, 134], [133, 136]], "missing_branches": [[126, 127]]}, "Tree._calculate_leaf_value": {"executed_lines": [142, 144, 147, 149, 152], "summary": {"covered_lines": 5, "num_statements": 5, "percent_covered": 100.0, "percent_covered_display": "100", "missing_lines": 0, "excluded_lines": 0, "percent_statements_covered": 100.0, "percent_statements_covered_display": "100", "num_branches": 4, "num_partial_branches": 0, "covered_branches": 4, "missing_branches": 0, "percent_branches_covered": 100.0, "percent_branches_covered_display": "100"}, "missing_lines": [], "excluded_lines": [], "start_line": 140, "executed_branches": [[142, 144], [142, 147], [147, 149], [147, 152]], "missing_branches": []}, "Tree.predict_row": {"executed_lines": [156, 157, 158, 160, 161], "summary": {"covered_lines": 5, "num_statements": 5, "percent_covered": 100.0, "percent_covered_display": "100", "missing_lines": 0, "excluded_lines": 0, "percent_statements_covered": 100.0, "percent_statements_covered_display": "100", "num_branches": 4, "num_partial_branches": 0, "covered_branches": 4, "missing_branches": 0, "percent_branches_covered": 100.0, "percent_branches_covered_display": "100"}, "missing_lines": [], "excluded_lines": [], "start_line": 154, "executed_branches": [[156, 157], [156, 161], [157, 158], [157, 160]], "missing_branches": []}, "Tree.predict": {"executed_lines": [164, 165, 166, 167], "summary": {"covered_lines": 4, "num_statements": 4, "percent_covered": 100.0, "percent_covered_display": "100", "missing_lines": 0, "excluded_lines": 0, "percent_statements_covered": 100.0, "percent_statements_covered_display": "100", "num_branches": 2, "num_partial_branches": 0, "covered_branches": 2, "missing_branches": 0, "percent_branches_covered": 100.0, "percent_branches_covered_display": "100"}, "missing_lines": [], "excluded_lines": [], "start_line": 163, "executed_branches": [[165, 166], [165, 167]], "missing_branches": []}, "": {"executed_lines": [2, 4, 5, 7, 9, 12, 15, 28, 29, 32, 45, 68, 104, 140, 154, 163], "summary": {"covered_lines": 16, "num_statements": 16, "percent_covered": 100.0, "percent_covered_display": "100", "missing_lines": 0, "excluded_lines": 0, "percent_statements_covered": 100.0, "percent_statements_covered_display": "100", "num_branches": 0, "num_partial_branches": 0, "covered_branches": 0, "missing_branches": 0, "percent_branches_covered": 100.0, "percent_branches_covered_display": "100"}, "missing_lines": [], "excluded_lines": [], "start_line": 1, "executed_branches": [], "missing_branches": []}}, "classes": {"Tree": {"executed_lines": [16, 17, 18, 19, 20, 21, 22, 23, 25, 26, 30, 34, 37, 38, 40, 41, 43, 49, 50, 52, 53, 54, 55, 57, 58, 64, 65, 66, 69, 71, 72, 74, 101, 102, 126, 130, 131, 133, 134, 136, 142, 144, 147, 149, 152, 156, 157, 158, 160, 161, 164, 165, 166, 167], "summary": {"covered_lines": 54, "num_statements": 71, "percent_covered": 76.23762376237623, "percent_covered_display": "76", "missing_lines": 17, "excluded_lines": 0, "percent_statements_covered": 76.05633802816901, "percent_statements_covered_display": "76", "num_branches": 30, "num_partial_branches": 5, "covered_branches": 23, "missing_branches": 7, "percent_branches_covered": 76.66666666666667, "percent_branches_covered_display": "77"}, "missing_lines": [61, 62, 75, 77, 78, 79, 80, 82, 84, 85, 86, 89, 92, 93, 97, 98, 127], "excluded_lines": [], "start_line": 12, "executed_branches": [[38, 40], [38, 43], [52, 53], [52, 66], [54, 52], [54, 55], [55, 57], [64, 65], [126, 130], [130, 131], [130, 133], [133, 134], [133, 136], [142, 144], [142, 147], [147, 149], [147, 152], [156, 157], [156, 161], [157, 158], [157, 160], [165, 166], [165, 167]], "missing_branches": [[55, 61], [64, 54], [74, 75], [74, 77], [79, 80], [79, 82], [126, 127]]}, "": {"executed_lines": [2, 4, 5, 7, 9, 12, 15, 28, 29, 32, 45, 68, 104, 140, 154, 163], "summary": {"covered_lines": 16, "num_statements": 16, "percent_covered": 100.0, "percent_covered_display": "100", "missing_lines": 0, "excluded_lines": 0, "percent_statements_covered": 100.0, "percent_statements_covered_display": "100", "num_branches": 0, "num_partial_branches": 0, "covered_branches": 0, "missing_branches": 0, "percent_branches_covered": 100.0, "percent_branches_covered_display": "100"}, "missing_lines": [], "excluded_lines": [], "start_line": 1, "executed_branches": [], "missing_branches": []}}}}, "totals": {"covered_lines": 70, "num_statements": 87, "percent_covered": 79.48717948717949, "percent_covered_display": "79", "missing_lines": 17, "excluded_lines": 0, "percent_statements_covered": 80.45977011494253, "percent_statements_covered_display": "80", "num_branches": 30, "num_partial_branches": 5, "covered_branches": 23, "missing_branches": 7, "percent_branches_covered": 76.66666666666667, "percent_branches_covered_display": "77"}}