{
    "meta": {
        "format": 3,
        "version": "7.16.1",
        "timestamp": "2026-09-21T22:42:48.726430",
        "branch_coverage": true,
        "show_contexts": false
    },
    "files": {
        "Public_Proyects/mahjong/game.py": {
            "executed_lines": [
                1,
                2,
                4,
                5,
                6,
                7,
                9,
                11,
                14,
                15,
                16,
                18,
                50,
                73,
                84,
                96,
                97,
                103,
                104,
                105,
                107,
                109,
                110,
                116,
                118,
                124,
                126,
                134
            ],
            "summary": {
                "covered_lines": 28,
                "num_statements": 58,
                "percent_covered": 45.45454545454545,
                "percent_covered_display": "45",
                "missing_lines": 30,
                "excluded_lines": 0,
                "percent_statements_covered": 48.275862068965516,
                "percent_statements_covered_display": "48",
                "num_branches": 8,
                "num_partial_branches": 0,
                "covered_branches": 2,
                "missing_branches": 6,
                "percent_branches_covered": 25.0,
                "percent_branches_covered_display": "25"
            },
            "missing_lines": [
                30,
                33,
                35,
                36,
                39,
                40,
                43,
                45,
                46,
                47,
                48,
                63,
                64,
                65,
                66,
                67,
                68,
                69,
                70,
                71,
                79,
                80,
                81,
                82,
                93,
                94,
                132,
                140,
                144,
                147
            ],
            "excluded_lines": [],
            "executed_branches": [
                [
                    103,
                    104
                ],
                [
                    103,
                    107
                ]
            ],
            "missing_branches": [
                [
                    39,
                    40
                ],
                [
                    39,
                    43
                ],
                [
                    63,
                    64
                ],
                [
                    63,
                    68
                ],
                [
                    79,
                    80
                ],
                [
                    79,
                    81
                ]
            ],
            "functions": {
                "MahjongGame.__init__": {
                    "executed_lines": [
                        14,
                        15,
                        16
                    ],
                    "summary": {
                        "covered_lines": 3,
                        "num_statements": 3,
                        "percent_covered": 100.0,
                        "percent_covered_display": "100",
                        "missing_lines": 0,
                        "excluded_lines": 0,
                        "percent_statements_covered": 100.0,
                        "percent_statements_covered_display": "100",
                        "num_branches": 0,
                        "num_partial_branches": 0,
                        "covered_branches": 0,
                        "missing_branches": 0,
                        "percent_branches_covered": 100.0,
                        "percent_branches_covered_display": "100"
                    },
                    "missing_lines": [],
                    "excluded_lines": [],
                    "start_line": 11,
                    "executed_branches": [],
                    "missing_branches": []
                },
                "MahjongGame.init_game": {
                    "executed_lines": [],
                    "summary": {
                        "covered_lines": 0,
                        "num_statements": 11,
                        "percent_covered": 0.0,
                        "percent_covered_display": "0",
                        "missing_lines": 11,
                        "excluded_lines": 0,
                        "percent_statements_covered": 0.0,
                        "percent_statements_covered_display": "0",
                        "num_branches": 2,
                        "num_partial_branches": 0,
                        "covered_branches": 0,
                        "missing_branches": 2,
                        "percent_branches_covered": 0.0,
                        "percent_branches_covered_display": "0"
                    },
                    "missing_lines": [
                        30,
                        33,
                        35,
                        36,
                        39,
                        40,
                        43,
                        45,
                        46,
                        47,
                        48
                    ],
                    "excluded_lines": [],
                    "start_line": 18,
                    "executed_branches": [],
                    "missing_branches": [
                        [
                            39,
                            40
                        ],
                        [
                            39,
                            43
                        ]
                    ]
                },
                "MahjongGame.step": {
                    "executed_lines": [],
                    "summary": {
                        "covered_lines": 0,
                        "num_statements": 9,
                        "percent_covered": 0.0,
                        "percent_covered_display": "0",
                        "missing_lines": 9,
                        "excluded_lines": 0,
                        "percent_statements_covered": 0.0,
                        "percent_statements_covered_display": "0",
                        "num_branches": 2,
                        "num_partial_branches": 0,
                        "covered_branches": 0,
                        "missing_branches": 2,
                        "percent_branches_covered": 0.0,
                        "percent_branches_covered_display": "0"
                    },
                    "missing_lines": [
                        63,
                        64,
                        65,
                        66,
                        67,
                        68,
                        69,
                        70,
                        71
                    ],
                    "excluded_lines": [],
                    "start_line": 50,
                    "executed_branches": [],
                    "missing_branches": [
                        [
                            63,
                            64
                        ],
                        [
                            63,
                            68
                        ]
                    ]
                },
                "MahjongGame.step_back": {
                    "executed_lines": [],
                    "summary": {
                        "covered_lines": 0,
                        "num_statements": 4,
                        "percent_covered": 0.0,
                        "percent_covered_display": "0",
                        "missing_lines": 4,
                        "excluded_lines": 0,
                        "percent_statements_covered": 0.0,
                        "percent_statements_covered_display": "0",
                        "num_branches": 2,
                        "num_partial_branches": 0,
                        "covered_branches": 0,
                        "missing_branches": 2,
                        "percent_branches_covered": 0.0,
                        "percent_branches_covered_display": "0"
                    },
                    "missing_lines": [
                        79,
                        80,
                        81,
                        82
                    ],
                    "excluded_lines": [],
                    "start_line": 73,
                    "executed_branches": [],
                    "missing_branches": [
                        [
                            79,
                            80
                        ],
                        [
                            79,
                            81
                        ]
                    ]
                },
                "MahjongGame.get_state": {
                    "executed_lines": [],
                    "summary": {
                        "covered_lines": 0,
                        "num_statements": 2,
                        "percent_covered": 0.0,
                        "percent_covered_display": "0",
                        "missing_lines": 2,
                        "excluded_lines": 0,
                        "percent_statements_covered": 0.0,
                        "percent_statements_covered_display": "0",
                        "num_branches": 0,
                        "num_partial_branches": 0,
                        "covered_branches": 0,
                        "missing_branches": 0,
                        "percent_branches_covered": 100.0,
                        "percent_branches_covered_display": "100"
                    },
                    "missing_lines": [
                        93,
                        94
                    ],
                    "excluded_lines": [],
                    "start_line": 84,
                    "executed_branches": [],
                    "missing_branches": []
                },
                "MahjongGame.get_legal_actions": {
                    "executed_lines": [
                        103,
                        104,
                        105,
                        107
                    ],
                    "summary": {
                        "covered_lines": 4,
                        "num_statements": 4,
                        "percent_covered": 100.0,
                        "percent_covered_display": "100",
                        "missing_lines": 0,
                        "excluded_lines": 0,
                        "percent_statements_covered": 100.0,
                        "percent_statements_covered_display": "100",
                        "num_branches": 2,
                        "num_partial_branches": 0,
                        "covered_branches": 2,
                        "missing_branches": 0,
                        "percent_branches_covered": 100.0,
                        "percent_branches_covered_display": "100"
                    },
                    "missing_lines": [],
                    "excluded_lines": [],
                    "start_line": 97,
                    "executed_branches": [
                        [
                            103,
                            104
                        ],
                        [
                            103,
                            107
                        ]
                    ],
                    "missing_branches": []
                },
                "MahjongGame.get_num_actions": {
                    "executed_lines": [
                        116
                    ],
                    "summary": {
                        "covered_lines": 1,
                        "num_statements": 1,
                        "percent_covered": 100.0,
                        "percent_covered_display": "100",
                        "missing_lines": 0,
                        "excluded_lines": 0,
                        "percent_statements_covered": 100.0,
                        "percent_statements_covered_display": "100",
                        "num_branches": 0,
                        "num_partial_branches": 0,
                        "covered_branches": 0,
                        "missing_branches": 0,
                        "percent_branches_covered": 100.0,
                        "percent_branches_covered_display": "100"
                    },
                    "missing_lines": [],
                    "excluded_lines": [],
                    "start_line": 110,
                    "executed_branches": [],
                    "missing_branches": []
                },
                "MahjongGame.get_num_players": {
                    "executed_lines": [
                        124
                    ],
                    "summary": {
                        "covered_lines": 1,
                        "num_statements": 1,
                        "percent_covered": 100.0,
                        "percent_covered_display": "100",
                        "missing_lines": 0,
                        "excluded_lines": 0,
                        "percent_statements_covered": 100.0,
                        "percent_statements_covered_display": "100",
                        "num_branches": 0,
                        "num_partial_branches": 0,
                        "covered_branches": 0,
                        "missing_branches": 0,
                        "percent_branches_covered": 100.0,
                        "percent_branches_covered_display": "100"
                    },
                    "missing_lines": [],
                    "excluded_lines": [],
                    "start_line": 118,
                    "executed_branches": [],
                    "missing_branches": []
                },
                "MahjongGame.get_player_id": {
                    "executed_lines": [],
                    "summary": {
                        "covered_lines": 0,
                        "num_statements": 1,
                        "percent_covered": 0.0,
                        "percent_covered_display": "0",
                        "missing_lines": 1,
                        "excluded_lines": 0,
                        "percent_statements_covered": 0.0,
                        "percent_statements_covered_display": "0",
                        "num_branches": 0,
                        "num_partial_branches": 0,
                        "covered_branches": 0,
                        "missing_branches": 0,
                        "percent_branches_covered": 100.0,
                        "percent_branches_covered_display": "100"
                    },
                    "missing_lines": [
                        132
                    ],
                    "excluded_lines": [],
                    "start_line": 126,
                    "executed_branches": [],
                    "missing_branches": []
                },
                "MahjongGame.is_over": {
                    "executed_lines": [],
                    "summary": {
                        "covered_lines": 0,
                        "num_statements": 3,
                        "percent_covered": 0.0,
                        "percent_covered_display": "0",
                        "missing_lines": 3,
                        "excluded_lines": 0,
                        "percent_statements_covered": 0.0,
                        "percent_statements_covered_display": "0",
                        "num_branches": 0,
                        "num_partial_branches": 0,
                        "covered_branches": 0,
                        "missing_branches": 0,
                        "percent_branches_covered": 100.0,
                        "percent_branches_covered_display": "100"
                    },
                    "missing_lines": [
                        140,
                        144,
                        147
                    ],
                    "excluded_lines": [],
                    "start_line": 134,
                    "executed_branches": [],
                    "missing_branches": []
                },
                "": {
                    "executed_lines": [
                        1,
                        2,
                        4,
                        5,
                        6,
                        7,
                        9,
                        11,
                        18,
                        50,
                        73,
                        84,
                        96,
                        97,
                        109,
                        110,
                        118,
                        126,
                        134
                    ],
                    "summary": {
                        "covered_lines": 19,
                        "num_statements": 19,
                        "percent_covered": 100.0,
                        "percent_covered_display": "100",
                        "missing_lines": 0,
                        "excluded_lines": 0,
                        "percent_statements_covered": 100.0,
                        "percent_statements_covered_display": "100",
                        "num_branches": 0,
                        "num_partial_branches": 0,
                        "covered_branches": 0,
                        "missing_branches": 0,
                        "percent_branches_covered": 100.0,
                        "percent_branches_covered_display": "100"
                    },
                    "missing_lines": [],
                    "excluded_lines": [],
                    "start_line": 1,
                    "executed_branches": [],
                    "missing_branches": []
                }
            },
            "classes": {
                "MahjongGame": {
                    "executed_lines": [
                        14,
                        15,
                        16,
                        103,
                        104,
                        105,
                        107,
                        116,
                        124
                    ],
                    "summary": {
                        "covered_lines": 9,
                        "num_statements": 39,
                        "percent_covered": 23.404255319148938,
                        "percent_covered_display": "23",
                        "missing_lines": 30,
                        "excluded_lines": 0,
                        "percent_statements_covered": 23.076923076923077,
                        "percent_statements_covered_display": "23",
                        "num_branches": 8,
                        "num_partial_branches": 0,
                        "covered_branches": 2,
                        "missing_branches": 6,
                        "percent_branches_covered": 25.0,
                        "percent_branches_covered_display": "25"
                    },
                    "missing_lines": [
                        30,
                        33,
                        35,
                        36,
                        39,
                        40,
                        43,
                        45,
                        46,
                        47,
                        48,
                        63,
                        64,
                        65,
                        66,
                        67,
                        68,
                        69,
                        70,
                        71,
                        79,
                        80,
                        81,
                        82,
                        93,
                        94,
                        132,
                        140,
                        144,
                        147
                    ],
                    "excluded_lines": [],
                    "start_line": 9,
                    "executed_branches": [
                        [
                            103,
                            104
                        ],
                        [
                            103,
                            107
                        ]
                    ],
                    "missing_branches": [
                        [
                            39,
                            40
                        ],
                        [
                            39,
                            43
                        ],
                        [
                            63,
                            64
                        ],
                        [
                            63,
                            68
                        ],
                        [
                            79,
                            80
                        ],
                        [
                            79,
                            81
                        ]
                    ]
                },
                "": {
                    "executed_lines": [
                        1,
                        2,
                        4,
                        5,
                        6,
                        7,
                        9,
                        11,
                        18,
                        50,
                        73,
                        84,
                        96,
                        97,
                        109,
                        110,
                        118,
                        126,
                        134
                    ],
                    "summary": {
                        "covered_lines": 19,
                        "num_statements": 19,
                        "percent_covered": 100.0,
                        "percent_covered_display": "100",
                        "missing_lines": 0,
                        "excluded_lines": 0,
                        "percent_statements_covered": 100.0,
                        "percent_statements_covered_display": "100",
                        "num_branches": 0,
                        "num_partial_branches": 0,
                        "covered_branches": 0,
                        "missing_branches": 0,
                        "percent_branches_covered": 100.0,
                        "percent_branches_covered_display": "100"
                    },
                    "missing_lines": [],
                    "excluded_lines": [],
                    "start_line": 1,
                    "executed_branches": [],
                    "missing_branches": []
                }
            }
        }
    },
    "totals": {
        "covered_lines": 28,
        "num_statements": 58,
        "percent_covered": 45.45454545454545,
        "percent_covered_display": "45",
        "missing_lines": 30,
        "excluded_lines": 0,
        "percent_statements_covered": 48.275862068965516,
        "percent_statements_covered_display": "48",
        "num_branches": 8,
        "num_partial_branches": 0,
        "covered_branches": 2,
        "missing_branches": 6,
        "percent_branches_covered": 25.0,
        "percent_branches_covered_display": "25"
    }
}